<?xml version="1.0" encoding="UTF-8"?>
<!-- Generated by org.testng.reporters.JUnitXMLReporter -->
<testsuite hostname="MOHAN-LAPTOP" ignored="0" name="Test" tests="2" failures="2" timestamp="23 Mar 2019 13:02:00 GMT" time="84.107" errors="0">
  <testcase name="loginAndLogout" time="16.064" classname="com.yalla.testcases.TC001_LoginAndLogout">
    <failure type="java.lang.NullPointerException">
      <![CDATA[java.lang.NullPointerException
at com.yalla.selenium.api.base.SeleniumBase.clearAndType(SeleniumBase.java:91)
at com.yalla.pages.createLeadPage.createCompanyName(createLeadPage.java:17)
at com.yalla.testcases.TC001_LoginAndLogout.loginAndLogout(TC001_LoginAndLogout.java:29)
... Removed 25 stack frames]]>
    </failure>
  </testcase> <!-- loginAndLogout -->
  <testcase name="loginAndLogout" time="12.204" classname="com.yalla.testcases.TC001_LoginAndLogout">
    <failure type="java.lang.NullPointerException">
      <![CDATA[java.lang.NullPointerException
at com.yalla.selenium.api.base.SeleniumBase.clearAndType(SeleniumBase.java:91)
at com.yalla.pages.createLeadPage.createCompanyName(createLeadPage.java:17)
at com.yalla.testcases.TC001_LoginAndLogout.loginAndLogout(TC001_LoginAndLogout.java:29)
... Removed 25 stack frames]]>
    </failure>
  </testcase> <!-- loginAndLogout -->
</testsuite> <!-- Test -->
