<?xml version="1.0" encoding="UTF-8"?>
<testng-results skipped="0" failed="0" ignored="0" total="2" passed="2">
  <reporter-output>
  </reporter-output>
  <suite name="Suite" duration-ms="67419" started-at="2019-03-24T12:47:58Z" finished-at="2019-03-24T12:49:05Z">
    <groups>
    </groups>
    <test name="Test" duration-ms="67419" started-at="2019-03-24T12:47:58Z" finished-at="2019-03-24T12:49:05Z">
      <class name="com.yalla.testcases.TC001_LoginAndLogout">
        <test-method status="PASS" signature="startReport()[pri:0, instance:com.yalla.testcases.TC001_LoginAndLogout@4501b7af]" name="startReport" is-config="true" duration-ms="868" started-at="2019-03-24T12:47:57Z" finished-at="2019-03-24T12:47:58Z">
          <reporter-output>
          </reporter-output>
        </test-method> <!-- startReport -->
        <test-method status="PASS" signature="setData()[pri:0, instance:com.yalla.testcases.TC001_LoginAndLogout@4501b7af]" name="setData" is-config="true" duration-ms="0" started-at="2019-03-24T12:47:58Z" finished-at="2019-03-24T12:47:58Z">
          <reporter-output>
          </reporter-output>
        </test-method> <!-- setData -->
        <test-method status="PASS" signature="report()[pri:0, instance:com.yalla.testcases.TC001_LoginAndLogout@4501b7af]" name="report" is-config="true" duration-ms="52" started-at="2019-03-24T12:47:58Z" finished-at="2019-03-24T12:47:58Z">
          <reporter-output>
          </reporter-output>
        </test-method> <!-- report -->
        <test-method status="PASS" signature="beforeMethod()[pri:0, instance:com.yalla.testcases.TC001_LoginAndLogout@4501b7af]" name="beforeMethod" is-config="true" duration-ms="13003" started-at="2019-03-24T12:47:58Z" finished-at="2019-03-24T12:48:11Z">
          <reporter-output>
          </reporter-output>
        </test-method> <!-- beforeMethod -->
        <test-method status="PASS" signature="loginAndLogout(java.lang.String, java.lang.String, java.lang.String, java.lang.String, java.lang.String)[pri:0, instance:com.yalla.testcases.TC001_LoginAndLogout@4501b7af]" name="loginAndLogout" duration-ms="22014" started-at="2019-03-24T12:48:11Z" data-provider="fetchData" finished-at="2019-03-24T12:48:33Z">
          <params>
            <param index="0">
              <value>
                <![CDATA[DemoSalesManager]]>
              </value>
            </param>
            <param index="1">
              <value>
                <![CDATA[crmsfa]]>
              </value>
            </param>
            <param index="2">
              <value>
                <![CDATA[CTS]]>
              </value>
            </param>
            <param index="3">
              <value>
                <![CDATA[Esh]]>
              </value>
            </param>
            <param index="4">
              <value>
                <![CDATA[Waran]]>
              </value>
            </param>
          </params>
          <reporter-output>
          </reporter-output>
        </test-method> <!-- loginAndLogout -->
        <test-method status="PASS" signature="afterMethod()[pri:0, instance:com.yalla.testcases.TC001_LoginAndLogout@4501b7af]" name="afterMethod" is-config="true" duration-ms="2346" started-at="2019-03-24T12:48:33Z" finished-at="2019-03-24T12:48:36Z">
          <reporter-output>
          </reporter-output>
        </test-method> <!-- afterMethod -->
        <test-method status="PASS" signature="beforeMethod()[pri:0, instance:com.yalla.testcases.TC001_LoginAndLogout@4501b7af]" name="beforeMethod" is-config="true" duration-ms="8455" started-at="2019-03-24T12:48:36Z" finished-at="2019-03-24T12:48:44Z">
          <reporter-output>
          </reporter-output>
        </test-method> <!-- beforeMethod -->
        <test-method status="PASS" signature="loginAndLogout(java.lang.String, java.lang.String, java.lang.String, java.lang.String, java.lang.String)[pri:0, instance:com.yalla.testcases.TC001_LoginAndLogout@4501b7af]" name="loginAndLogout" duration-ms="18586" started-at="2019-03-24T12:48:44Z" data-provider="fetchData" finished-at="2019-03-24T12:49:03Z">
          <params>
            <param index="0">
              <value>
                <![CDATA[DemoSalesManager]]>
              </value>
            </param>
            <param index="1">
              <value>
                <![CDATA[crmsfa]]>
              </value>
            </param>
            <param index="2">
              <value>
                <![CDATA[TCS]]>
              </value>
            </param>
            <param index="3">
              <value>
                <![CDATA[Karthi]]>
              </value>
            </param>
            <param index="4">
              <value>
                <![CDATA[pops]]>
              </value>
            </param>
          </params>
          <reporter-output>
          </reporter-output>
        </test-method> <!-- loginAndLogout -->
        <test-method status="PASS" signature="afterMethod()[pri:0, instance:com.yalla.testcases.TC001_LoginAndLogout@4501b7af]" name="afterMethod" is-config="true" duration-ms="2117" started-at="2019-03-24T12:49:03Z" finished-at="2019-03-24T12:49:05Z">
          <reporter-output>
          </reporter-output>
        </test-method> <!-- afterMethod -->
        <test-method status="PASS" signature="stopReport()[pri:0, instance:com.yalla.testcases.TC001_LoginAndLogout@4501b7af]" name="stopReport" is-config="true" duration-ms="424" started-at="2019-03-24T12:49:05Z" finished-at="2019-03-24T12:49:05Z">
          <reporter-output>
          </reporter-output>
        </test-method> <!-- stopReport -->
      </class> <!-- com.yalla.testcases.TC001_LoginAndLogout -->
    </test> <!-- Test -->
  </suite> <!-- Suite -->
</testng-results>
