<?xml version="1.0" encoding="UTF-8"?>
<testng-results skipped="0" failed="0" ignored="0" total="2" passed="2">
  <reporter-output>
  </reporter-output>
  <suite name="Default suite" duration-ms="44654" started-at="2019-03-23T13:05:51Z" finished-at="2019-03-23T13:06:36Z">
    <groups>
    </groups>
    <test name="Default test" duration-ms="44654" started-at="2019-03-23T13:05:51Z" finished-at="2019-03-23T13:06:36Z">
      <class name="com.yalla.testcases.TC001_LoginAndLogout">
        <test-method status="PASS" signature="startReport()[pri:0, instance:com.yalla.testcases.TC001_LoginAndLogout@370736d9]" name="startReport" is-config="true" duration-ms="354" started-at="2019-03-23T13:05:51Z" finished-at="2019-03-23T13:05:51Z">
          <reporter-output>
          </reporter-output>
        </test-method> <!-- startReport -->
        <test-method status="PASS" signature="setData()[pri:0, instance:com.yalla.testcases.TC001_LoginAndLogout@370736d9]" name="setData" is-config="true" duration-ms="0" started-at="2019-03-23T13:05:51Z" finished-at="2019-03-23T13:05:51Z">
          <reporter-output>
          </reporter-output>
        </test-method> <!-- setData -->
        <test-method status="PASS" signature="report()[pri:0, instance:com.yalla.testcases.TC001_LoginAndLogout@370736d9]" name="report" is-config="true" duration-ms="15" started-at="2019-03-23T13:05:51Z" finished-at="2019-03-23T13:05:51Z">
          <reporter-output>
          </reporter-output>
        </test-method> <!-- report -->
        <test-method status="PASS" signature="beforeMethod()[pri:0, instance:com.yalla.testcases.TC001_LoginAndLogout@370736d9]" name="beforeMethod" is-config="true" duration-ms="8102" started-at="2019-03-23T13:05:52Z" finished-at="2019-03-23T13:06:00Z">
          <reporter-output>
          </reporter-output>
        </test-method> <!-- beforeMethod -->
        <test-method status="PASS" signature="loginAndLogout(java.lang.String, java.lang.String, java.lang.String, java.lang.String, java.lang.String)[pri:0, instance:com.yalla.testcases.TC001_LoginAndLogout@370736d9]" name="loginAndLogout" duration-ms="12543" started-at="2019-03-23T13:06:00Z" data-provider="fetchData" finished-at="2019-03-23T13:06:13Z">
          <params>
            <param index="0">
              <value>
                <![CDATA[DemoSalesManager]]>
              </value>
            </param>
            <param index="1">
              <value>
                <![CDATA[crmsfa]]>
              </value>
            </param>
            <param index="2">
              <value>
                <![CDATA[CTS]]>
              </value>
            </param>
            <param index="3">
              <value>
                <![CDATA[Esh]]>
              </value>
            </param>
            <param index="4">
              <value>
                <![CDATA[Waran]]>
              </value>
            </param>
          </params>
          <reporter-output>
          </reporter-output>
        </test-method> <!-- loginAndLogout -->
        <test-method status="PASS" signature="afterMethod()[pri:0, instance:com.yalla.testcases.TC001_LoginAndLogout@370736d9]" name="afterMethod" is-config="true" duration-ms="2176" started-at="2019-03-23T13:06:13Z" finished-at="2019-03-23T13:06:15Z">
          <reporter-output>
          </reporter-output>
        </test-method> <!-- afterMethod -->
        <test-method status="PASS" signature="beforeMethod()[pri:0, instance:com.yalla.testcases.TC001_LoginAndLogout@370736d9]" name="beforeMethod" is-config="true" duration-ms="6120" started-at="2019-03-23T13:06:15Z" finished-at="2019-03-23T13:06:21Z">
          <reporter-output>
          </reporter-output>
        </test-method> <!-- beforeMethod -->
        <test-method status="PASS" signature="loginAndLogout(java.lang.String, java.lang.String, java.lang.String, java.lang.String, java.lang.String)[pri:0, instance:com.yalla.testcases.TC001_LoginAndLogout@370736d9]" name="loginAndLogout" duration-ms="12939" started-at="2019-03-23T13:06:21Z" data-provider="fetchData" finished-at="2019-03-23T13:06:34Z">
          <params>
            <param index="0">
              <value>
                <![CDATA[DemoSalesManager]]>
              </value>
            </param>
            <param index="1">
              <value>
                <![CDATA[crmsfa]]>
              </value>
            </param>
            <param index="2">
              <value>
                <![CDATA[TCS]]>
              </value>
            </param>
            <param index="3">
              <value>
                <![CDATA[Karthi]]>
              </value>
            </param>
            <param index="4">
              <value>
                <![CDATA[pops]]>
              </value>
            </param>
          </params>
          <reporter-output>
          </reporter-output>
        </test-method> <!-- loginAndLogout -->
        <test-method status="PASS" signature="afterMethod()[pri:0, instance:com.yalla.testcases.TC001_LoginAndLogout@370736d9]" name="afterMethod" is-config="true" duration-ms="2162" started-at="2019-03-23T13:06:34Z" finished-at="2019-03-23T13:06:36Z">
          <reporter-output>
          </reporter-output>
        </test-method> <!-- afterMethod -->
        <test-method status="PASS" signature="stopReport()[pri:0, instance:com.yalla.testcases.TC001_LoginAndLogout@370736d9]" name="stopReport" is-config="true" duration-ms="310" started-at="2019-03-23T13:06:36Z" finished-at="2019-03-23T13:06:36Z">
          <reporter-output>
          </reporter-output>
        </test-method> <!-- stopReport -->
      </class> <!-- com.yalla.testcases.TC001_LoginAndLogout -->
    </test> <!-- Default test -->
  </suite> <!-- Default suite -->
</testng-results>
